
/home/runner/work/exp-turbulent-flow-iitb/exp-turbulent-flow-iitb/experiment/simulation/js/activity1.js
    8:14   warning  'Pannel' is not defined                                no-undef
   14:10   warning  'start_act1' is defined but never used                 no-unused-vars
   21:10   warning  'move_to_activity3' is defined but never used          no-unused-vars
   24:5    warning  'activity3' is not defined                             no-undef
   33:5    warning  'global_score' is assigned a value but never used      no-unused-vars
   34:5    warning  'a1_panel' is defined but never used                   no-unused-vars
   35:5    warning  'all_text_content' is assigned a value but never used  no-unused-vars
   36:5    warning  'canvas_box_scale' is already defined                  no-redeclare
   36:5    warning  'canvas_box_scale' is assigned a value but never used  no-unused-vars
   39:5    warning  'a1_scene' is defined but never used                   no-unused-vars
   46:5    warning  'display_score' is defined but never used              no-unused-vars
   47:5    warning  'timer1' is assigned a value but never used            no-unused-vars
   62:17   warning  'Scene' is not defined                                 no-undef
   67:27   warning  'bootstrap' is not defined                             no-undef
  105:18   warning  'Chemistry' is not defined                             no-undef
  105:42   warning  'tank' is not defined                                  no-undef
  105:52   warning  'Chemistry' is not defined                             no-undef
  108:9    warning  'sq' is already defined                                no-redeclare
  108:18   warning  'Chemistry' is not defined                             no-undef
  108:42   warning  'pump' is not defined                                  no-undef
  108:52   warning  'Chemistry' is not defined                             no-undef
  111:9    warning  'sq' is already defined                                no-redeclare
  111:18   warning  'Chemistry' is not defined                             no-undef
  111:42   warning  'test_section' is not defined                          no-undef
  111:60   warning  'Chemistry' is not defined                             no-undef
  114:9    warning  'sq' is already defined                                no-redeclare
  114:18   warning  'Chemistry' is not defined                             no-undef
  114:42   warning  'horizontal_pipe' is not defined                       no-undef
  114:63   warning  'Chemistry' is not defined                             no-undef
  117:9    warning  'sq' is already defined                                no-redeclare
  117:18   warning  'Chemistry' is not defined                             no-undef
  117:42   warning  'vertical_pipe' is not defined                         no-undef
  117:61   warning  'Chemistry' is not defined                             no-undef
  120:9    warning  'sq' is already defined                                no-redeclare
  120:18   warning  'Chemistry' is not defined                             no-undef
  120:42   warning  'rotometer' is not defined                             no-undef
  120:57   warning  'Chemistry' is not defined                             no-undef
  123:9    warning  'sq' is already defined                                no-redeclare
  123:18   warning  'Chemistry' is not defined                             no-undef
  123:42   warning  'heater' is not defined                                no-undef
  123:54   warning  'Chemistry' is not defined                             no-undef
  126:9    warning  'sq' is already defined                                no-redeclare
  126:18   warning  'Chemistry' is not defined                             no-undef
  126:42   warning  'temp_controller' is not defined                       no-undef
  126:63   warning  'Chemistry' is not defined                             no-undef
  129:9    warning  'sq' is already defined                                no-redeclare
  129:18   warning  'Chemistry' is not defined                             no-undef
  129:42   warning  't_in' is not defined                                  no-undef
  129:52   warning  'Chemistry' is not defined                             no-undef
  162:25   warning  'Chemistry' is not defined                             no-undef
  162:50   warning  'Chemistry' is not defined                             no-undef
  173:10   warning  'tank_right' is not defined                            no-undef
  173:22   warning  'tank_wrong' is not defined                            no-undef
  174:10   warning  'pump_right' is not defined                            no-undef
  174:22   warning  'pump_wrong' is not defined                            no-undef
  175:10   warning  'test_section_right' is not defined                    no-undef
  175:30   warning  'test_section_wrong' is not defined                    no-undef
  176:10   warning  'horizontal_pipe_right' is not defined                 no-undef
  176:33   warning  'horizontal_pipe_wrong' is not defined                 no-undef
  177:10   warning  'vertical_pipe_right' is not defined                   no-undef
  177:31   warning  'vertical_pipe_wrong' is not defined                   no-undef
  178:10   warning  'rotometer_right' is not defined                       no-undef
  178:27   warning  'rotometer_wrong' is not defined                       no-undef
  179:10   warning  'heater_right' is not defined                          no-undef
  179:24   warning  'heater_wrong' is not defined                          no-undef
  180:10   warning  'temp_controller_right' is not defined                 no-undef
  180:33   warning  'temp_controller_wrong' is not defined                 no-undef
  181:10   warning  't_in_right' is not defined                            no-undef
  181:22   warning  't_in_wrong' is not defined                            no-undef
  184:13   warning  'Chemistry' is not defined                             no-undef
  184:40   warning  'Chemistry' is not defined                             no-undef
  185:13   warning  'Chemistry' is not defined                             no-undef
  185:40   warning  'Chemistry' is not defined                             no-undef
  186:13   warning  'Chemistry' is not defined                             no-undef
  186:48   warning  'Chemistry' is not defined                             no-undef
  187:13   warning  'Chemistry' is not defined                             no-undef
  187:51   warning  'Chemistry' is not defined                             no-undef
  188:13   warning  'Chemistry' is not defined                             no-undef
  188:49   warning  'Chemistry' is not defined                             no-undef
  189:13   warning  'Chemistry' is not defined                             no-undef
  189:45   warning  'Chemistry' is not defined                             no-undef
  190:13   warning  'Chemistry' is not defined                             no-undef
  190:42   warning  'Chemistry' is not defined                             no-undef
  191:13   warning  'Chemistry' is not defined                             no-undef
  191:51   warning  'Chemistry' is not defined                             no-undef
  192:13   warning  'Chemistry' is not defined                             no-undef
  192:40   warning  'Chemistry' is not defined                             no-undef
  197:12   warning  Unexpected constant condition                          no-constant-condition
  219:49   warning  'Chemistry' is not defined                             no-undef
  222:39   warning  'bootstrap' is not defined                             no-undef
  254:30   warning  'Chemistry' is not defined                             no-undef
  254:73   warning  'Chemistry' is not defined                             no-undef
  282:13   warning  'bsOffcanvas' is already defined                       no-redeclare
  282:31   warning  'bootstrap' is not defined                             no-undef
  284:30   warning  'Chemistry' is not defined                             no-undef
  284:118  warning  'Chemistry' is not defined                             no-undef
  327:24   warning  'activity3' is not defined                             no-undef

/home/runner/work/exp-turbulent-flow-iitb/exp-turbulent-flow-iitb/experiment/simulation/js/activity3.js
   1:5   warning  'obtable_verified' is assigned a value but never used  no-unused-vars
  10:10  warning  'activity3' is defined but never used                  no-unused-vars
  11:5   warning  'pp' is not defined                                    no-undef
  13:5   warning  'pp' is not defined                                    no-undef
  14:5   warning  'pp' is not defined                                    no-undef
  15:5   warning  'pp' is not defined                                    no-undef
  47:5   warning  'pp' is not defined                                    no-undef
  49:10  warning  'act3_verify_obtable' is defined but never used        no-unused-vars
  56:10  warning  'verify_values' is not defined                         no-undef
  60:10  warning  'verify_values' is not defined                         no-undef
  64:10  warning  'verify_values' is not defined                         no-undef
  68:10  warning  'verify_values' is not defined                         no-undef
  72:10  warning  'verify_values' is not defined                         no-undef
  77:5   warning  'pp' is not defined                                    no-undef
  78:27  warning  'bootstrap' is not defined                             no-undef

/home/runner/work/exp-turbulent-flow-iitb/exp-turbulent-flow-iitb/experiment/simulation/js/activity4.js
  20:10  warning  'activity4' is defined but never used  no-unused-vars
  21:5   warning  'pp' is not defined                    no-undef
  22:5   warning  'pp' is not defined                    no-undef
  26:5   warning  'pp' is not defined                    no-undef
  27:5   warning  'pp' is not defined                    no-undef
  29:5   warning  'pp' is not defined                    no-undef
  30:5   warning  'pp' is not defined                    no-undef
  32:5   warning  'pp' is not defined                    no-undef
  36:25  warning  'table_1' is not defined               no-undef
  38:20  warning  'std_deviation' is not defined         no-undef
  38:34  warning  'table_1' is not defined               no-undef
  39:9   warning  'table_1' is not defined               no-undef
  40:20  warning  'std_deviation' is not defined         no-undef
  40:34  warning  'table_1' is not defined               no-undef
  41:9   warning  'table_1' is not defined               no-undef
  42:20  warning  'std_deviation' is not defined         no-undef
  42:34  warning  'table_1' is not defined               no-undef
  43:9   warning  'table_1' is not defined               no-undef
  44:20  warning  'std_deviation' is not defined         no-undef
  44:34  warning  'table_1' is not defined               no-undef
  45:9   warning  'table_1' is not defined               no-undef
  46:20  warning  'std_deviation' is not defined         no-undef
  46:34  warning  'table_1' is not defined               no-undef
  47:9   warning  'table_1' is not defined               no-undef
  49:20  warning  'table_1' is not defined               no-undef
  50:20  warning  'table_1' is not defined               no-undef
  51:20  warning  'table_1' is not defined               no-undef
  52:20  warning  'table_1' is not defined               no-undef
  53:20  warning  'table_1' is not defined               no-undef

/home/runner/work/exp-turbulent-flow-iitb/exp-turbulent-flow-iitb/experiment/simulation/js/activity5.js
   46:10   warning  'activity5' is defined but never used                              no-unused-vars
   47:5    warning  'pp' is not defined                                                no-undef
   48:5    warning  'pp' is not defined                                                no-undef
   49:5    warning  'pp' is not defined                                                no-undef
   50:5    warning  'pp' is not defined                                                no-undef
   51:5    warning  'pp' is not defined                                                no-undef
   52:5    warning  'pp' is not defined                                                no-undef
   53:5    warning  'pp' is not defined                                                no-undef
   55:5    warning  'pp' is not defined                                                no-undef
  129:5    warning  'all_properties_without_table' is assigned a value but never used  no-unused-vars
  224:10   warning  'table_calculations' is defined but never used                     no-unused-vars
  225:5    warning  'pp' is not defined                                                no-undef
  226:5    warning  'pp' is not defined                                                no-undef
  227:5    warning  'pp' is not defined                                                no-undef
  228:5    warning  'pp' is not defined                                                no-undef
  229:5    warning  'pp' is not defined                                                no-undef
  230:5    warning  'pp' is not defined                                                no-undef
  233:10   warning  'act5_verify_obtable' is defined but never used                    no-unused-vars
  245:10   warning  'verify_values' is not defined                                     no-undef
  249:10   warning  'verify_values' is not defined                                     no-undef
  253:10   warning  'verify_values' is not defined                                     no-undef
  257:10   warning  'verify_values' is not defined                                     no-undef
  261:10   warning  'verify_values' is not defined                                     no-undef
  265:10   warning  'verify_values' is not defined                                     no-undef
  269:10   warning  'verify_values' is not defined                                     no-undef
  273:10   warning  'verify_values' is not defined                                     no-undef
  277:10   warning  'verify_values' is not defined                                     no-undef
  281:5    warning  'pp' is not defined                                                no-undef
  282:27   warning  'bootstrap' is not defined                                         no-undef
  285:10   warning  'complete_main_table' is defined but never used                    no-unused-vars
  287:5    warning  'pp' is not defined                                                no-undef
  288:5    warning  'pp' is not defined                                                no-undef
  294:9    warning  'main_table_data' is not defined                                   no-undef
  295:9    warning  'main_table_data' is not defined                                   no-undef
  296:9    warning  'main_table_data' is not defined                                   no-undef
  296:33   warning  'table_1' is not defined                                           no-undef
  297:9    warning  'main_table_data' is not defined                                   no-undef
  297:33   warning  'table_1' is not defined                                           no-undef
  298:9    warning  'main_table_data' is not defined                                   no-undef
  298:33   warning  'table_1' is not defined                                           no-undef
  299:9    warning  'main_table_data' is not defined                                   no-undef
  299:33   warning  'table_1' is not defined                                           no-undef
  300:9    warning  'main_table_data' is not defined                                   no-undef
  300:33   warning  'table_1' is not defined                                           no-undef
  301:9    warning  'main_table_data' is not defined                                   no-undef
  301:33   warning  'table_1' is not defined                                           no-undef
  302:9    warning  'main_table_data' is not defined                                   no-undef
  302:33   warning  'main_table_data' is not defined                                   no-undef
  303:9    warning  'main_table_data' is not defined                                   no-undef
  303:33   warning  'main_table_data' is not defined                                   no-undef
  304:9    warning  'main_table_data' is not defined                                   no-undef
  304:33   warning  'main_table_data' is not defined                                   no-undef
  304:65   warning  'main_table_data' is not defined                                   no-undef
  304:89   warning  'main_table_data' is not defined                                   no-undef
  305:9    warning  'main_table_data' is not defined                                   no-undef
  305:35   warning  'main_table_data' is not defined                                   no-undef
  305:59   warning  'main_table_data' is not defined                                   no-undef
  305:83   warning  'main_table_data' is not defined                                   no-undef
  305:107  warning  'main_table_data' is not defined                                   no-undef
  306:9    warning  'main_table_data' is not defined                                   no-undef
  306:34   warning  'main_table_data' is not defined                                   no-undef
  306:69   warning  'main_table_data' is not defined                                   no-undef
  306:93   warning  'main_table_data' is not defined                                   no-undef
  306:119  warning  'main_table_data' is not defined                                   no-undef
  306:143  warning  'main_table_data' is not defined                                   no-undef
  307:9    warning  'main_table_data' is not defined                                   no-undef
  307:34   warning  'main_table_data' is not defined                                   no-undef
  307:75   warning  'main_table_data' is not defined                                   no-undef
  308:9    warning  'main_table_data' is not defined                                   no-undef
  308:39   warning  'main_table_data' is not defined                                   no-undef
  309:9    warning  'main_table_data' is not defined                                   no-undef
  309:48   warning  'main_table_data' is not defined                                   no-undef
  310:9    warning  'main_table_data' is not defined                                   no-undef
  310:35   warning  'main_table_data' is not defined                                   no-undef
  313:15   warning  'main_table_data' is not defined                                   no-undef
  314:15   warning  'main_table_data' is not defined                                   no-undef
  315:15   warning  'main_table_data' is not defined                                   no-undef
  316:15   warning  'main_table_data' is not defined                                   no-undef
  317:15   warning  'main_table_data' is not defined                                   no-undef
  318:16   warning  'main_table_data' is not defined                                   no-undef
  319:16   warning  'main_table_data' is not defined                                   no-undef
  320:16   warning  'main_table_data' is not defined                                   no-undef
  321:15   warning  'main_table_data' is not defined                                   no-undef
  322:15   warning  'main_table_data' is not defined                                   no-undef
  323:15   warning  'main_table_data' is not defined                                   no-undef
  324:15   warning  'main_table_data' is not defined                                   no-undef
  325:16   warning  'main_table_data' is not defined                                   no-undef
  326:16   warning  'main_table_data' is not defined                                   no-undef
  330:17   warning  'main_table_data' is not defined                                   no-undef
  332:5    warning  'pp' is not defined                                                no-undef
  339:11   warning  'regression_linear' is not defined                                 no-undef
  345:10   warning  'draw_chart' is defined but never used                             no-unused-vars
  347:5    warning  'pp' is not defined                                                no-undef
  348:5    warning  'pp' is not defined                                                no-undef
  349:25   warning  'main_table_data' is not defined                                   no-undef
  350:20   warning  'main_table_data' is not defined                                   no-undef
  351:19   warning  'main_table_data' is not defined                                   no-undef
  366:21   warning  'Chart' is not defined                                             no-undef

/home/runner/work/exp-turbulent-flow-iitb/exp-turbulent-flow-iitb/experiment/simulation/js/common.js
   1:10  warning  'verify_values' is defined but never used      no-unused-vars
  17:10  warning  'std_deviation' is defined but never used      no-unused-vars
  22:10  warning  'regression_linear' is defined but never used  no-unused-vars

/home/runner/work/exp-turbulent-flow-iitb/exp-turbulent-flow-iitb/experiment/simulation/js/data.js
  1:5  warning  'table_1' is assigned a value but never used          no-unused-vars
  9:5  warning  'main_table_data' is assigned a value but never used  no-unused-vars

/home/runner/work/exp-turbulent-flow-iitb/exp-turbulent-flow-iitb/experiment/simulation/js/dummy.js
  2:14  warning  'Pannel' is not defined  no-undef

/home/runner/work/exp-turbulent-flow-iitb/exp-turbulent-flow-iitb/experiment/simulation/js/geomerty.js
   33:49   warning  'lscale' is not defined          no-undef
   34:49   warning  'lscale' is not defined          no-undef
   46:23   warning  'pt1' is defined but never used  no-unused-vars
   46:28   warning  'pt2' is defined but never used  no-unused-vars
   46:33   warning  'pt3' is defined but never used  no-unused-vars
   50:24   warning  'geo' is defined but never used  no-unused-vars
   69:44   warning  'lscale' is not defined          no-undef
   69:66   warning  'lscale' is not defined          no-undef
   69:88   warning  'lscale' is not defined          no-undef
   82:48   warning  'lscale' is not defined          no-undef
   83:48   warning  'lscale' is not defined          no-undef
  108:47   warning  'lscale' is not defined          no-undef
  108:69   warning  'lscale' is not defined          no-undef
  109:60   warning  'lscale' is not defined          no-undef
  109:95   warning  'lscale' is not defined          no-undef
  131:39   warning  'lscale' is not defined          no-undef
  131:57   warning  'lscale' is not defined          no-undef
  132:39   warning  'lscale' is not defined          no-undef
  132:57   warning  'lscale' is not defined          no-undef
  181:39   warning  'lscale' is not defined          no-undef
  181:57   warning  'lscale' is not defined          no-undef
  182:39   warning  'lscale' is not defined          no-undef
  182:57   warning  'lscale' is not defined          no-undef
  225:33   warning  'lscale' is not defined          no-undef
  226:33   warning  'lscale' is not defined          no-undef
  274:50   warning  'lscale' is not defined          no-undef
  274:72   warning  'lscale' is not defined          no-undef
  279:61   warning  'lscale' is not defined          no-undef
  279:84   warning  'lscale' is not defined          no-undef
  279:102  warning  'lscale' is not defined          no-undef
  279:120  warning  'lscale' is not defined          no-undef
  293:33   warning  'lscale' is not defined          no-undef
  294:33   warning  'lscale' is not defined          no-undef
  295:41   warning  'lscale' is not defined          no-undef
  295:64   warning  'lscale' is not defined          no-undef
  295:98   warning  'lscale' is not defined          no-undef
  295:121  warning  'lscale' is not defined          no-undef
  296:45   warning  'lscale' is not defined          no-undef
  296:68   warning  'lscale' is not defined          no-undef
  296:102  warning  'lscale' is not defined          no-undef
  296:125  warning  'lscale' is not defined          no-undef
  323:61   warning  'lscale' is not defined          no-undef
  323:90   warning  'lscale' is not defined          no-undef
  324:61   warning  'lscale' is not defined          no-undef
  324:96   warning  'lscale' is not defined          no-undef
  325:66   warning  'lscale' is not defined          no-undef
  325:101  warning  'lscale' is not defined          no-undef
  326:66   warning  'lscale' is not defined          no-undef
  326:100  warning  'lscale' is not defined          no-undef
  327:67   warning  'lscale' is not defined          no-undef
  327:101  warning  'lscale' is not defined          no-undef
  328:67   warning  'lscale' is not defined          no-undef
  328:96   warning  'lscale' is not defined          no-undef
  329:61   warning  'lscale' is not defined          no-undef
  329:90   warning  'lscale' is not defined          no-undef
  346:33   warning  'lscale' is not defined          no-undef
  347:33   warning  'lscale' is not defined          no-undef
  376:46   warning  'lscale' is not defined          no-undef
  382:50   warning  'lscale' is not defined          no-undef
  382:72   warning  'lscale' is not defined          no-undef
  411:52   warning  'lscale' is not defined          no-undef
  411:79   warning  'lscale' is not defined          no-undef
  413:56   warning  'lscale' is not defined          no-undef
  413:83   warning  'lscale' is not defined          no-undef
  450:50   warning  'lscale' is not defined          no-undef
  450:72   warning  'lscale' is not defined          no-undef
  456:61   warning  'lscale' is not defined          no-undef
  456:84   warning  'lscale' is not defined          no-undef
  456:102  warning  'lscale' is not defined          no-undef
  456:120  warning  'lscale' is not defined          no-undef
  470:33   warning  'lscale' is not defined          no-undef
  471:33   warning  'lscale' is not defined          no-undef
  472:41   warning  'lscale' is not defined          no-undef
  472:64   warning  'lscale' is not defined          no-undef
  472:98   warning  'lscale' is not defined          no-undef
  472:121  warning  'lscale' is not defined          no-undef
  473:45   warning  'lscale' is not defined          no-undef
  473:68   warning  'lscale' is not defined          no-undef
  473:102  warning  'lscale' is not defined          no-undef
  473:125  warning  'lscale' is not defined          no-undef
  502:50   warning  'lscale' is not defined          no-undef
  502:72   warning  'lscale' is not defined          no-undef
  507:139  warning  'lscale' is not defined          no-undef
  507:172  warning  'lscale' is not defined          no-undef
  507:205  warning  'lscale' is not defined          no-undef
  507:225  warning  'lscale' is not defined          no-undef
  528:50   warning  'lscale' is not defined          no-undef
  528:72   warning  'lscale' is not defined          no-undef
  533:139  warning  'lscale' is not defined          no-undef
  533:172  warning  'lscale' is not defined          no-undef
  533:205  warning  'lscale' is not defined          no-undef
  533:225  warning  'lscale' is not defined          no-undef
  555:50   warning  'lscale' is not defined          no-undef
  555:72   warning  'lscale' is not defined          no-undef
  560:133  warning  'lscale' is not defined          no-undef
  560:172  warning  'lscale' is not defined          no-undef
  560:205  warning  'lscale' is not defined          no-undef
  560:224  warning  'lscale' is not defined          no-undef
  584:39   warning  'lscale' is not defined          no-undef
  584:53   warning  'lscale' is not defined          no-undef
  585:39   warning  'lscale' is not defined          no-undef
  585:53   warning  'lscale' is not defined          no-undef
  586:39   warning  'lscale' is not defined          no-undef
  586:53   warning  'lscale' is not defined          no-undef
  587:39   warning  'lscale' is not defined          no-undef
  587:53   warning  'lscale' is not defined          no-undef
  594:36   warning  'lscale' is not defined          no-undef
  594:50   warning  'lscale' is not defined          no-undef
  594:63   warning  'lscale' is not defined          no-undef
  605:36   warning  'lscale' is not defined          no-undef
  605:50   warning  'lscale' is not defined          no-undef
  605:63   warning  'lscale' is not defined          no-undef
  632:46   warning  'lscale' is not defined          no-undef
  637:50   warning  'lscale' is not defined          no-undef
  637:72   warning  'lscale' is not defined          no-undef
  659:50   warning  'lscale' is not defined          no-undef
  659:72   warning  'lscale' is not defined          no-undef
  663:46   warning  'lscale' is not defined          no-undef
  664:46   warning  'lscale' is not defined          no-undef
  664:67   warning  'lscale' is not defined          no-undef
  665:49   warning  'lscale' is not defined          no-undef
  702:50   warning  'lscale' is not defined          no-undef
  702:72   warning  'lscale' is not defined          no-undef
  718:38   warning  'lscale' is not defined          no-undef
  718:51   warning  'lscale' is not defined          no-undef
  720:38   warning  'lscale' is not defined          no-undef
  722:38   warning  'lscale' is not defined          no-undef
  722:52   warning  'lscale' is not defined          no-undef

/home/runner/work/exp-turbulent-flow-iitb/exp-turbulent-flow-iitb/experiment/simulation/js/loaded_images.js
  18:5  warning  't_out' is assigned a value but never used                no-unused-vars
  39:5  warning  'vertical_pipe_wrong' is assigned a value but never used  no-unused-vars

/home/runner/work/exp-turbulent-flow-iitb/exp-turbulent-flow-iitb/experiment/simulation/js/pannel.js
  8:7  warning  'Pannel' is defined but never used  no-unused-vars

/home/runner/work/exp-turbulent-flow-iitb/exp-turbulent-flow-iitb/experiment/simulation/js/scene.js
   1:7    warning  'Scene' is defined but never used         no-unused-vars
  11:9    warning  'context' is not defined                  no-undef
  11:33   warning  'canvas' is not defined                   no-undef
  11:47   warning  'canvas' is not defined                   no-undef
  27:5    warning  'context' is not defined                  no-undef
  28:9    warning  'grd' is assigned a value but never used  no-unused-vars
  28:15   warning  'context' is not defined                  no-undef
  28:44   warning  'canvas' is not defined                   no-undef
  28:62   warning  'canvas' is not defined                   no-undef
  28:84   warning  'canvas' is not defined                   no-undef
  28:102  warning  'canvas' is not defined                   no-undef
  28:121  warning  'canvas' is not defined                   no-undef
  36:5    warning  'context' is not defined                  no-undef
  37:5    warning  'context' is not defined                  no-undef
  37:28   warning  'canvas' is not defined                   no-undef
  37:42   warning  'canvas' is not defined                   no-undef
  38:5    warning  'context' is not defined                  no-undef
  39:5    warning  'context' is not defined                  no-undef

/home/runner/work/exp-turbulent-flow-iitb/exp-turbulent-flow-iitb/experiment/simulation/js/test.js
  2:14  warning  'Pannel' is not defined                     no-undef
  4:5   warning  'table' is assigned a value but never used  no-unused-vars

✖ 396 problems (0 errors, 396 warnings)

